{"/Users/ctrevino/Workspace/oss/relay-cursor-paging/src/checkPagingSanity.ts": {"path":"/Users/ctrevino/Workspace/oss/relay-cursor-paging/src/checkPagingSanity.ts","statementMap":{"0":{"start":{"line":3,"column":16},"end":{"line":3,"column":26}},"1":{"start":{"line":3,"column":35},"end":{"line":3,"column":44}},"2":{"start":{"line":3,"column":54},"end":{"line":3,"column":64}},"3":{"start":{"line":3,"column":75},"end":{"line":3,"column":86}},"4":{"start":{"line":4,"column":26},"end":{"line":4,"column":44}},"5":{"start":{"line":5,"column":27},"end":{"line":5,"column":45}},"6":{"start":{"line":6,"column":4},"end":{"line":8,"column":5}},"7":{"start":{"line":7,"column":8},"end":{"line":7,"column":84}},"8":{"start":{"line":9,"column":4},"end":{"line":11,"column":5}},"9":{"start":{"line":10,"column":8},"end":{"line":10,"column":77}},"10":{"start":{"line":12,"column":4},"end":{"line":14,"column":5}},"11":{"start":{"line":13,"column":8},"end":{"line":13,"column":57}},"12":{"start":{"line":17,"column":4},"end":{"line":19,"column":5}},"13":{"start":{"line":18,"column":8},"end":{"line":18,"column":82}},"14":{"start":{"line":20,"column":4},"end":{"line":20,"column":84}},"15":{"start":{"line":22,"column":0},"end":{"line":22,"column":62}},"16":{"start":{"line":23,"column":0},"end":{"line":23,"column":36}}},"fnMap":{"0":{"name":"checkPagingSanity","decl":{"start":{"line":2,"column":9},"end":{"line":2,"column":26}},"loc":{"start":{"line":2,"column":33},"end":{"line":21,"column":1}}}},"branchMap":{"0":{"loc":{"start":{"line":4,"column":26},"end":{"line":4,"column":44}},"type":"binary-expr","locations":[{"start":{"line":4,"column":26},"end":{"line":4,"column":33}},{"start":{"line":4,"column":37},"end":{"line":4,"column":44}}]},"1":{"loc":{"start":{"line":5,"column":27},"end":{"line":5,"column":45}},"type":"binary-expr","locations":[{"start":{"line":5,"column":27},"end":{"line":5,"column":33}},{"start":{"line":5,"column":37},"end":{"line":5,"column":45}}]},"2":{"loc":{"start":{"line":6,"column":4},"end":{"line":8,"column":5}},"type":"if","locations":[{"start":{"line":6,"column":4},"end":{"line":8,"column":5}},{"start":{"line":6,"column":4},"end":{"line":8,"column":5}}]},"3":{"loc":{"start":{"line":6,"column":8},"end":{"line":6,"column":43}},"type":"binary-expr","locations":[{"start":{"line":6,"column":8},"end":{"line":6,"column":23}},{"start":{"line":6,"column":27},"end":{"line":6,"column":43}}]},"4":{"loc":{"start":{"line":9,"column":4},"end":{"line":11,"column":5}},"type":"if","locations":[{"start":{"line":9,"column":4},"end":{"line":11,"column":5}},{"start":{"line":9,"column":4},"end":{"line":11,"column":5}}]},"5":{"loc":{"start":{"line":9,"column":8},"end":{"line":9,"column":62}},"type":"binary-expr","locations":[{"start":{"line":9,"column":8},"end":{"line":9,"column":23}},{"start":{"line":9,"column":27},"end":{"line":9,"column":33}},{"start":{"line":9,"column":37},"end":{"line":9,"column":53}},{"start":{"line":9,"column":57},"end":{"line":9,"column":62}}]},"6":{"loc":{"start":{"line":12,"column":4},"end":{"line":14,"column":5}},"type":"if","locations":[{"start":{"line":12,"column":4},"end":{"line":14,"column":5}},{"start":{"line":12,"column":4},"end":{"line":14,"column":5}}]},"7":{"loc":{"start":{"line":12,"column":8},"end":{"line":12,"column":68}},"type":"binary-expr","locations":[{"start":{"line":12,"column":8},"end":{"line":12,"column":23}},{"start":{"line":12,"column":27},"end":{"line":12,"column":36}},{"start":{"line":12,"column":40},"end":{"line":12,"column":56}},{"start":{"line":12,"column":60},"end":{"line":12,"column":68}}]},"8":{"loc":{"start":{"line":17,"column":4},"end":{"line":19,"column":5}},"type":"if","locations":[{"start":{"line":17,"column":4},"end":{"line":19,"column":5}},{"start":{"line":17,"column":4},"end":{"line":19,"column":5}}]},"9":{"loc":{"start":{"line":17,"column":8},"end":{"line":17,"column":23}},"type":"binary-expr","locations":[{"start":{"line":17,"column":8},"end":{"line":17,"column":12}},{"start":{"line":17,"column":16},"end":{"line":17,"column":23}}]}},"s":{"0":12,"1":12,"2":12,"3":12,"4":12,"5":12,"6":12,"7":2,"8":10,"9":0,"10":10,"11":0,"12":10,"13":0,"14":10,"15":2,"16":2},"f":{"0":12},"b":{"0":[12,7],"1":[12,8],"2":[2,10],"3":[12,7],"4":[0,10],"5":[10,5,10,4],"6":[0,10],"7":[10,5,10,4],"8":[0,10],"9":[10,3]},"_coverageSchema":"332fd63041d2c1bcb487cc26dd0d5f7d97098a6c","hash":"d8e25b694f908f105a7193cb505be6045ba9d7c6"}
,"/Users/ctrevino/Workspace/oss/relay-cursor-paging/src/getPagingParameters.ts": {"path":"/Users/ctrevino/Workspace/oss/relay-cursor-paging/src/getPagingParameters.ts","statementMap":{"0":{"start":{"line":2,"column":22},"end":{"line":2,"column":46}},"1":{"start":{"line":3,"column":26},"end":{"line":3,"column":56}},"2":{"start":{"line":11,"column":13},"end":{"line":11,"column":46}},"3":{"start":{"line":11,"column":66},"end":{"line":11,"column":84}},"4":{"start":{"line":11,"column":105},"end":{"line":11,"column":124}},"5":{"start":{"line":12,"column":16},"end":{"line":12,"column":26}},"6":{"start":{"line":12,"column":35},"end":{"line":12,"column":44}},"7":{"start":{"line":12,"column":54},"end":{"line":12,"column":64}},"8":{"start":{"line":12,"column":75},"end":{"line":12,"column":86}},"9":{"start":{"line":13,"column":16},"end":{"line":13,"column":99}},"10":{"start":{"line":13,"column":36},"end":{"line":13,"column":97}},"11":{"start":{"line":14,"column":17},"end":{"line":14,"column":64}},"12":{"start":{"line":14,"column":37},"end":{"line":14,"column":62}},"13":{"start":{"line":15,"column":4},"end":{"line":34,"column":5}},"14":{"start":{"line":16,"column":8},"end":{"line":19,"column":10}},"15":{"start":{"line":21,"column":9},"end":{"line":34,"column":5}},"16":{"start":{"line":22,"column":20},"end":{"line":22,"column":24}},"17":{"start":{"line":23,"column":21},"end":{"line":23,"column":41}},"18":{"start":{"line":25,"column":8},"end":{"line":29,"column":9}},"19":{"start":{"line":27,"column":12},"end":{"line":27,"column":47}},"20":{"start":{"line":28,"column":12},"end":{"line":28,"column":23}},"21":{"start":{"line":30,"column":8},"end":{"line":30,"column":48}},"22":{"start":{"line":33,"column":8},"end":{"line":33,"column":18}},"23":{"start":{"line":36,"column":0},"end":{"line":36,"column":62}},"24":{"start":{"line":37,"column":0},"end":{"line":37,"column":38}}},"fnMap":{"0":{"name":"getPagingParameters","decl":{"start":{"line":10,"column":9},"end":{"line":10,"column":28}},"loc":{"start":{"line":10,"column":35},"end":{"line":35,"column":1}}},"1":{"name":"(anonymous_1)","decl":{"start":{"line":13,"column":16},"end":{"line":13,"column":17}},"loc":{"start":{"line":13,"column":34},"end":{"line":13,"column":99}}},"2":{"name":"(anonymous_2)","decl":{"start":{"line":14,"column":17},"end":{"line":14,"column":18}},"loc":{"start":{"line":14,"column":35},"end":{"line":14,"column":64}}}},"branchMap":{"0":{"loc":{"start":{"line":15,"column":4},"end":{"line":34,"column":5}},"type":"if","locations":[{"start":{"line":15,"column":4},"end":{"line":34,"column":5}},{"start":{"line":15,"column":4},"end":{"line":34,"column":5}}]},"1":{"loc":{"start":{"line":18,"column":20},"end":{"line":18,"column":45}},"type":"cond-expr","locations":[{"start":{"line":18,"column":28},"end":{"line":18,"column":41}},{"start":{"line":18,"column":44},"end":{"line":18,"column":45}}]},"2":{"loc":{"start":{"line":21,"column":9},"end":{"line":34,"column":5}},"type":"if","locations":[{"start":{"line":21,"column":9},"end":{"line":34,"column":5}},{"start":{"line":21,"column":9},"end":{"line":34,"column":5}}]},"3":{"loc":{"start":{"line":25,"column":8},"end":{"line":29,"column":9}},"type":"if","locations":[{"start":{"line":25,"column":8},"end":{"line":29,"column":9}},{"start":{"line":25,"column":8},"end":{"line":29,"column":9}}]}},"s":{"0":1,"1":1,"2":5,"3":5,"4":5,"5":5,"6":5,"7":5,"8":5,"9":5,"10":3,"11":5,"12":1,"13":5,"14":2,"15":3,"16":2,"17":2,"18":2,"19":1,"20":1,"21":2,"22":1,"23":1,"24":1},"f":{"0":5,"1":3,"2":1},"b":{"0":[2,3],"1":[1,1],"2":[2,1],"3":[1,1]},"_coverageSchema":"332fd63041d2c1bcb487cc26dd0d5f7d97098a6c","hash":"f8ef7be732d3986211e5f5353e37ca5cc904c0f2"}
}
