TN:
SF:/Users/ctrevino/Workspace/oss/relay-cursor-paging/src/checkPagingSanity.ts
FN:2,checkPagingSanity
FNF:1
FNH:1
FNDA:12,checkPagingSanity
DA:3,12
DA:4,12
DA:5,12
DA:6,12
DA:7,2
DA:9,10
DA:10,0
DA:12,10
DA:13,0
DA:17,10
DA:18,0
DA:20,10
DA:22,2
DA:23,2
LF:14
LH:11
BRDA:4,0,0,12
BRDA:4,0,1,7
BRDA:5,1,0,12
BRDA:5,1,1,8
BRDA:6,2,0,2
BRDA:6,2,1,10
BRDA:6,3,0,12
BRDA:6,3,1,7
BRDA:9,4,0,0
BRDA:9,4,1,10
BRDA:9,5,0,10
BRDA:9,5,1,5
BRDA:9,5,2,10
BRDA:9,5,3,4
BRDA:12,6,0,0
BRDA:12,6,1,10
BRDA:12,7,0,10
BRDA:12,7,1,5
BRDA:12,7,2,10
BRDA:12,7,3,4
BRDA:17,8,0,0
BRDA:17,8,1,10
BRDA:17,9,0,10
BRDA:17,9,1,3
BRF:24
BRH:21
end_of_record
TN:
SF:/Users/ctrevino/Workspace/oss/relay-cursor-paging/src/getPagingParameters.ts
FN:10,getPagingParameters
FN:13,(anonymous_1)
FN:14,(anonymous_2)
FNF:3
FNH:3
FNDA:5,getPagingParameters
FNDA:3,(anonymous_1)
FNDA:1,(anonymous_2)
DA:2,1
DA:3,1
DA:11,5
DA:12,5
DA:13,5
DA:14,5
DA:15,5
DA:16,2
DA:21,3
DA:22,2
DA:23,2
DA:25,2
DA:27,1
DA:28,1
DA:30,2
DA:33,1
DA:36,1
DA:37,1
LF:18
LH:18
BRDA:15,0,0,2
BRDA:15,0,1,3
BRDA:18,1,0,1
BRDA:18,1,1,1
BRDA:21,2,0,2
BRDA:21,2,1,1
BRDA:25,3,0,1
BRDA:25,3,1,1
BRF:8
BRH:8
end_of_record
